app/build/intermediates/manifest_merge_blame_file/debug/manifest-merger-blame-debug-report.txt
1<?xml version="1.0" encoding="utf-8"?>
2<manifest xmlns:android="http://schemas.android.com/apk/res/android"
3    package="com.example.periodictable1"
4    android:versionCode="1"
5    android:versionName="1.0" >
6
7    <uses-sdk
8        android:minSdkVersion="19"
8-->src\main\AndroidManifest.xml
9        android:targetSdkVersion="30" />
9-->src\main\AndroidManifest.xml
10
11    <application
11-->src\main\AndroidManifest.xml:5:5-85:19
12        android:allowBackup="true"
12-->src\main\AndroidManifest.xml:6:9-35
13        android:appComponentFactory="androidx.core.app.CoreComponentFactory"
13-->[androidx.core:core:1.5.0] AndroidManifest.xml:24:18-86
14        android:debuggable="true"
15        android:icon="@mipmap/ic_launcher"
15-->src\main\AndroidManifest.xml:7:9-43
16        android:label="@string/app_name"
16-->src\main\AndroidManifest.xml:8:9-41
17        android:roundIcon="@mipmap/ic_launcher_round"
17-->src\main\AndroidManifest.xml:9:9-54
18        android:supportsRtl="true"
18-->src\main\AndroidManifest.xml:10:9-35
19        android:testOnly="true"
20        android:theme="@style/Theme.PeriodicTable1" >
20-->src\main\AndroidManifest.xml:11:9-52
21        <activity
21-->src\main\AndroidManifest.xml:12:9-15:80
22            android:name="com.example.periodictable1.Argon"
22-->src\main\AndroidManifest.xml:13:13-34
23            android:label="@string/title_activity_argon"
23-->src\main\AndroidManifest.xml:14:13-57
24            android:theme="@style/Theme.PeriodicTable1.NoActionBar" />
24-->src\main\AndroidManifest.xml:15:13-68
25        <activity
25-->src\main\AndroidManifest.xml:16:9-19:71
26            android:name="com.example.periodictable1.Chlorine"
26-->src\main\AndroidManifest.xml:17:13-37
27            android:label="@string/title_activity_chlorine"
27-->src\main\AndroidManifest.xml:18:13-60
28            android:theme="@style/Theme.PeriodicTable1.NoActionBar" />
28-->src\main\AndroidManifest.xml:19:13-68
29        <activity
29-->src\main\AndroidManifest.xml:20:9-23:71
30            android:name="com.example.periodictable1.Sulfur"
30-->src\main\AndroidManifest.xml:21:13-35
31            android:label="@string/title_activity_sulfur"
31-->src\main\AndroidManifest.xml:22:13-58
32            android:theme="@style/Theme.PeriodicTable1.NoActionBar" />
32-->src\main\AndroidManifest.xml:23:13-68
33        <activity
33-->src\main\AndroidManifest.xml:24:9-27:71
34            android:name="com.example.periodictable1.Phosphorus"
34-->src\main\AndroidManifest.xml:25:13-39
35            android:label="@string/title_activity_phosphorus"
35-->src\main\AndroidManifest.xml:26:13-62
36            android:theme="@style/Theme.PeriodicTable1.NoActionBar" />
36-->src\main\AndroidManifest.xml:27:13-68
37        <activity
37-->src\main\AndroidManifest.xml:28:9-31:71
38            android:name="com.example.periodictable1.Silicon"
38-->src\main\AndroidManifest.xml:29:13-36
39            android:label="@string/title_activity_silicon"
39-->src\main\AndroidManifest.xml:30:13-59
40            android:theme="@style/Theme.PeriodicTable1.NoActionBar" />
40-->src\main\AndroidManifest.xml:31:13-68
41        <activity
41-->src\main\AndroidManifest.xml:32:9-35:71
42            android:name="com.example.periodictable1.Aluminum"
42-->src\main\AndroidManifest.xml:33:13-37
43            android:label="@string/title_activity_aluminum"
43-->src\main\AndroidManifest.xml:34:13-60
44            android:theme="@style/Theme.PeriodicTable1.NoActionBar" />
44-->src\main\AndroidManifest.xml:35:13-68
45        <activity
45-->src\main\AndroidManifest.xml:36:9-39:71
46            android:name="com.example.periodictable1.Magnesium"
46-->src\main\AndroidManifest.xml:37:13-38
47            android:label="@string/title_activity_magnesium"
47-->src\main\AndroidManifest.xml:38:13-61
48            android:theme="@style/Theme.PeriodicTable1.NoActionBar" />
48-->src\main\AndroidManifest.xml:39:13-68
49        <activity
49-->src\main\AndroidManifest.xml:40:9-43:71
50            android:name="com.example.periodictable1.Sodium"
50-->src\main\AndroidManifest.xml:41:13-35
51            android:label="@string/title_activity_sodium"
51-->src\main\AndroidManifest.xml:42:13-58
52            android:theme="@style/Theme.PeriodicTable1.NoActionBar" />
52-->src\main\AndroidManifest.xml:43:13-68
53        <activity
53-->src\main\AndroidManifest.xml:44:9-47:71
54            android:name="com.example.periodictable1.Neon"
54-->src\main\AndroidManifest.xml:45:13-33
55            android:label="@string/title_activity_neon"
55-->src\main\AndroidManifest.xml:46:13-56
56            android:theme="@style/Theme.PeriodicTable1.NoActionBar" />
56-->src\main\AndroidManifest.xml:47:13-68
57        <activity
57-->src\main\AndroidManifest.xml:48:9-51:71
58            android:name="com.example.periodictable1.Fluorine"
58-->src\main\AndroidManifest.xml:49:13-37
59            android:label="@string/title_activity_fluorine"
59-->src\main\AndroidManifest.xml:50:13-60
60            android:theme="@style/Theme.PeriodicTable1.NoActionBar" />
60-->src\main\AndroidManifest.xml:51:13-68
61        <activity
61-->src\main\AndroidManifest.xml:52:9-55:71
62            android:name="com.example.periodictable1.Oxygen"
62-->src\main\AndroidManifest.xml:53:13-35
63            android:label="@string/title_activity_oxygen"
63-->src\main\AndroidManifest.xml:54:13-58
64            android:theme="@style/Theme.PeriodicTable1.NoActionBar" />
64-->src\main\AndroidManifest.xml:55:13-68
65        <activity
65-->src\main\AndroidManifest.xml:56:9-59:71
66            android:name="com.example.periodictable1.Nitrogen"
66-->src\main\AndroidManifest.xml:57:13-37
67            android:label="@string/title_activity_nitrogen"
67-->src\main\AndroidManifest.xml:58:13-60
68            android:theme="@style/Theme.PeriodicTable1.NoActionBar" />
68-->src\main\AndroidManifest.xml:59:13-68
69        <activity
69-->src\main\AndroidManifest.xml:60:9-63:71
70            android:name="com.example.periodictable1.Carbon"
70-->src\main\AndroidManifest.xml:61:13-35
71            android:label="@string/title_activity_carbon"
71-->src\main\AndroidManifest.xml:62:13-58
72            android:theme="@style/Theme.PeriodicTable1.NoActionBar" />
72-->src\main\AndroidManifest.xml:63:13-68
73        <activity
73-->src\main\AndroidManifest.xml:64:9-67:71
74            android:name="com.example.periodictable1.Boron"
74-->src\main\AndroidManifest.xml:65:13-34
75            android:label="@string/title_activity_boron"
75-->src\main\AndroidManifest.xml:66:13-57
76            android:theme="@style/Theme.PeriodicTable1.NoActionBar" />
76-->src\main\AndroidManifest.xml:67:13-68
77        <activity
77-->src\main\AndroidManifest.xml:68:9-71:71
78            android:name="com.example.periodictable1.Beryllium"
78-->src\main\AndroidManifest.xml:69:13-38
79            android:label="@string/title_activity_beryllium"
79-->src\main\AndroidManifest.xml:70:13-61
80            android:theme="@style/Theme.PeriodicTable1.NoActionBar" />
80-->src\main\AndroidManifest.xml:71:13-68
81        <activity
81-->src\main\AndroidManifest.xml:72:9-75:71
82            android:name="com.example.periodictable1.Lithium"
82-->src\main\AndroidManifest.xml:73:13-36
83            android:label="@string/title_activity_lithium"
83-->src\main\AndroidManifest.xml:74:13-59
84            android:theme="@style/Theme.PeriodicTable1.NoActionBar" />
84-->src\main\AndroidManifest.xml:75:13-68
85        <activity android:name="com.example.periodictable1.Helium" />
85-->src\main\AndroidManifest.xml:76:9-44
85-->src\main\AndroidManifest.xml:76:19-41
86        <activity android:name="com.example.periodictable1.Hydrogen" />
86-->src\main\AndroidManifest.xml:77:9-46
86-->src\main\AndroidManifest.xml:77:19-43
87        <activity android:name="com.example.periodictable1.MainActivity" >
87-->src\main\AndroidManifest.xml:78:9-84:20
87-->src\main\AndroidManifest.xml:78:19-47
88            <intent-filter>
88-->src\main\AndroidManifest.xml:79:13-83:29
89                <action android:name="android.intent.action.MAIN" />
89-->src\main\AndroidManifest.xml:80:17-69
89-->src\main\AndroidManifest.xml:80:25-66
90
91                <category android:name="android.intent.category.LAUNCHER" />
91-->src\main\AndroidManifest.xml:82:17-77
91-->src\main\AndroidManifest.xml:82:27-74
92            </intent-filter>
93        </activity>
94    </application>
95
96</manifest>